
Wed Sep 19 23:43:03 JST 2018

Rotating fax log files:/etc/periodic/monthly/199.rotate-fax: line 13: cd: /var/log/fax: No such file or directory


Doing login accounting:
	total      105.97
	shoichiyamazaki   105.97

-- End of monthly output --

Tue Oct  9 08:30:07 JST 2018

Rotating fax log files:/etc/periodic/monthly/199.rotate-fax: line 13: cd: /var/log/fax: No such file or directory


Doing login accounting:
	total      570.73
	shoichiyamazaki   570.73

-- End of monthly output --

Fri Oct 26 20:37:55 JST 2018

Rotating fax log files:/etc/periodic/monthly/199.rotate-fax: line 13: cd: /var/log/fax: No such file or directory


Doing login accounting:
	total      990.83
	shoichiyamazaki   990.83

-- End of monthly output --

Tue Nov 27 14:39:12 JST 2018

Rotating fax log files:/etc/periodic/monthly/199.rotate-fax: line 13: cd: /var/log/fax: No such file or directory


Doing login accounting:
	total     1752.82
	shoichiyamazaki  1752.82

-- End of monthly output --

Mon Dec 17 10:00:33 JST 2018

Rotating fax log files:/etc/periodic/monthly/199.rotate-fax: line 13: cd: /var/log/fax: No such file or directory


Doing login accounting:
	total     2228.22
	shoichiyamazaki  2228.22

-- End of monthly output --

Sat Jan  5 20:32:26 JST 2019

Rotating fax log files:/etc/periodic/monthly/199.rotate-fax: line 13: cd: /var/log/fax: No such file or directory


Doing login accounting:
	total     2694.63
	shoichiyamazaki  2694.63

-- End of monthly output --

Tue Jan 29 08:45:00 JST 2019

Rotating fax log files:/etc/periodic/monthly/199.rotate-fax: line 13: cd: /var/log/fax: No such file or directory


Doing login accounting:
	total     3258.74
	shoichiyamazaki  3258.74

-- End of monthly output --

Sat Feb 23 09:32:44 JST 2019

Rotating fax log files:/etc/periodic/monthly/199.rotate-fax: line 13: cd: /var/log/fax: No such file or directory


Doing login accounting:
	total     3859.44
	shoichiyamazaki  3859.44

-- End of monthly output --

Sat Mar 16 09:08:25 JST 2019

Rotating fax log files:/etc/periodic/monthly/199.rotate-fax: line 13: cd: /var/log/fax: No such file or directory


Doing login accounting:
	total     1895.66
	shoichiyamazaki  1895.66

-- End of monthly output --

Wed May  1 16:02:58 JST 2019

Rotating fax log files:/etc/periodic/monthly/199.rotate-fax: line 13: cd: /var/log/fax: No such file or directory


Doing login accounting:
	total     5473.82
	shoichiyamazaki  5473.82

-- End of monthly output --
