
Wed Sep 19 23:43:02 JST 2018

Rebuilding whatis database:

-- End of weekly output --

Wed Sep 26 02:30:32 JST 2018

Rebuilding whatis database:

-- End of weekly output --

Wed Oct  3 06:38:46 JST 2018

Rebuilding whatis database:

-- End of weekly output --

Mon Oct  8 13:13:57 JST 2018

Rebuilding whatis database:

-- End of weekly output --

Sun Oct 14 20:49:04 JST 2018

Rebuilding whatis database:

-- End of weekly output --

Fri Oct 26 20:37:06 JST 2018

Rebuilding whatis database:

-- End of weekly output --

Sun Oct 28 22:07:26 JST 2018

Rebuilding whatis database:

-- End of weekly output --

Sun Nov  4 20:14:43 JST 2018

Rebuilding whatis database:

-- End of weekly output --

Sat Nov 10 22:13:04 JST 2018

Rebuilding whatis database:

-- End of weekly output --

Thu Nov 15 16:11:05 JST 2018

Rebuilding whatis database:

-- End of weekly output --

Tue Nov 27 14:35:52 JST 2018

Rebuilding whatis database:

-- End of weekly output --

Sat Dec  1 15:51:36 JST 2018

Rebuilding whatis database:

-- End of weekly output --

Fri Dec  7 11:02:59 JST 2018

Rebuilding whatis database:

-- End of weekly output --

Fri Dec 14 18:04:32 JST 2018

Rebuilding whatis database:

-- End of weekly output --

Fri Dec 21 10:33:37 JST 2018

Rebuilding whatis database:

-- End of weekly output --

Tue Dec 25 09:05:16 JST 2018

Rebuilding whatis database:

-- End of weekly output --

Thu Jan  3 22:19:51 JST 2019

Rebuilding whatis database:

-- End of weekly output --

Tue Jan  8 09:18:15 JST 2019

Rebuilding whatis database:

-- End of weekly output --

Tue Jan 15 09:00:55 JST 2019

Rebuilding whatis database:

-- End of weekly output --

Tue Jan 22 09:05:56 JST 2019

Rebuilding whatis database:

-- End of weekly output --

Mon Jan 28 15:32:11 JST 2019

Rebuilding whatis database:

-- End of weekly output --

Mon Feb  4 04:42:19 JST 2019

Rebuilding whatis database:

-- End of weekly output --

Mon Feb 11 08:11:14 JST 2019

Rebuilding whatis database:

-- End of weekly output --

Sat Feb 16 23:09:03 JST 2019

Rebuilding whatis database:

-- End of weekly output --

Thu Feb 21 20:32:07 JST 2019

Rebuilding whatis database:

-- End of weekly output --

Thu Feb 28 23:55:02 JST 2019

Rebuilding whatis database:

-- End of weekly output --

Fri Mar  8 15:36:33 JST 2019

Rebuilding whatis database:

-- End of weekly output --

Thu Mar 14 19:58:37 JST 2019

Rebuilding whatis database:

-- End of weekly output --

Fri Mar 22 01:37:33 JST 2019

Rebuilding whatis database:

-- End of weekly output --

Thu Mar 28 19:45:58 JST 2019

Rebuilding whatis database:

-- End of weekly output --

Fri Apr 12 16:27:56 JST 2019

Rebuilding whatis database:

-- End of weekly output --

Sun Apr 21 10:05:52 JST 2019

Rebuilding whatis database:

-- End of weekly output --

Wed May  1 16:01:57 JST 2019

Rebuilding whatis database:

-- End of weekly output --

Fri May  3 17:21:27 JST 2019

Rebuilding whatis database:

-- End of weekly output --
